0 info it worked if it ends with ok
1 verbose cli [ '/usr/bin/node', '/usr/bin/npm', 'run', 'dev' ]
2 info using npm@3.10.10
3 info using node@v6.11.3
4 verbose run-script [ 'predev', 'dev', 'postdev' ]
5 info lifecycle voyage2-turtles-23@1.0.0~predev: voyage2-turtles-23@1.0.0
6 silly lifecycle voyage2-turtles-23@1.0.0~predev: no script for predev, continuing
7 info lifecycle voyage2-turtles-23@1.0.0~dev: voyage2-turtles-23@1.0.0
8 verbose lifecycle voyage2-turtles-23@1.0.0~dev: unsafe-perm in lifecycle true
9 verbose lifecycle voyage2-turtles-23@1.0.0~dev: PATH: /usr/lib/node_modules/npm/bin/node-gyp-bin:/media/maks/linDATA/Projects/ChinguTeamVoyage/Voyage2-Turtles-23/node_modules/.bin:/home/maks/bin:/home/maks/.local/bin:/usr/local/sbin:/usr/local/bin:/usr/sbin:/usr/bin:/sbin:/bin:/usr/games:/usr/local/games
10 verbose lifecycle voyage2-turtles-23@1.0.0~dev: CWD: /media/maks/linDATA/Projects/ChinguTeamVoyage/Voyage2-Turtles-23
11 silly lifecycle voyage2-turtles-23@1.0.0~dev: Args: [ '-c', 'gulp dev' ]
12 silly lifecycle voyage2-turtles-23@1.0.0~dev: Returned: code: 1  signal: null
13 info lifecycle voyage2-turtles-23@1.0.0~dev: Failed to exec dev script
14 verbose stack Error: voyage2-turtles-23@1.0.0 dev: `gulp dev`
14 verbose stack Exit status 1
14 verbose stack     at EventEmitter.<anonymous> (/usr/lib/node_modules/npm/lib/utils/lifecycle.js:255:16)
14 verbose stack     at emitTwo (events.js:106:13)
14 verbose stack     at EventEmitter.emit (events.js:191:7)
14 verbose stack     at ChildProcess.<anonymous> (/usr/lib/node_modules/npm/lib/utils/spawn.js:40:14)
14 verbose stack     at emitTwo (events.js:106:13)
14 verbose stack     at ChildProcess.emit (events.js:191:7)
14 verbose stack     at maybeClose (internal/child_process.js:920:16)
14 verbose stack     at Process.ChildProcess._handle.onexit (internal/child_process.js:230:5)
15 verbose pkgid voyage2-turtles-23@1.0.0
16 verbose cwd /media/maks/linDATA/Projects/ChinguTeamVoyage/Voyage2-Turtles-23
17 error Linux 4.10.0-35-generic
18 error argv "/usr/bin/node" "/usr/bin/npm" "run" "dev"
19 error node v6.11.3
20 error npm  v3.10.10
21 error code ELIFECYCLE
22 error voyage2-turtles-23@1.0.0 dev: `gulp dev`
22 error Exit status 1
23 error Failed at the voyage2-turtles-23@1.0.0 dev script 'gulp dev'.
23 error Make sure you have the latest version of node.js and npm installed.
23 error If you do, this is most likely a problem with the voyage2-turtles-23 package,
23 error not with npm itself.
23 error Tell the author that this fails on your system:
23 error     gulp dev
23 error You can get information on how to open an issue for this project with:
23 error     npm bugs voyage2-turtles-23
23 error Or if that isn't available, you can get their info via:
23 error     npm owner ls voyage2-turtles-23
23 error There is likely additional logging output above.
24 verbose exit [ 1, true ]
